<?xml version="1.0" encoding="UTF-8"?>
<!-- Generated by org.testng.reporters.JUnitXMLReporter -->
<testsuite ignored="4" hostname="LatituteE7340" failures="0" tests="1" name="Default test" time="4.25" errors="0" timestamp="2023-05-03T18:40:56 IST">
  <testcase classname="testEndPoints.GoRestEndPointTest" name="testPatchRequest" time="4.198"/>
  <testcase classname="testEndPoints.GoRestEndPointTest" name="test" time="0.0">
    <ignored/>
  </testcase> <!-- test -->
  <testcase classname="testEndPoints.GoRestEndPointTest" name="testPostRequest" time="0.0">
    <ignored/>
  </testcase> <!-- testPostRequest -->
  <testcase classname="testEndPoints.GoRestEndPointTest" name="testGetRequest" time="0.0">
    <ignored/>
  </testcase> <!-- testGetRequest -->
  <testcase classname="testEndPoints.GoRestEndPointTest" name="testDeleteRequest" time="0.0">
    <ignored/>
  </testcase> <!-- testDeleteRequest -->
</testsuite> <!-- Default test -->
