<?xml version="1.0" encoding="UTF-8"?>
<!-- Generated by org.testng.reporters.JUnitXMLReporter -->
<testsuite ignored="0" hostname="LatituteE7340" failures="0" tests="4" name="Test" time="91.504" errors="0" timestamp="2023-05-03T19:12:54 IST">
  <testcase classname="testEndPoints.GoRestEndPointTest" name="testPostRequest" time="25.565"/>
  <testcase classname="testEndPoints.GoRestEndPointTest" name="testGetRequest" time="22.848"/>
  <testcase classname="testEndPoints.GoRestEndPointTest" name="testPatchRequest" time="21.523"/>
  <testcase classname="testEndPoints.GoRestEndPointTest" name="testDeleteRequest" time="21.506"/>
</testsuite> <!-- Test -->
